[2024-01-30T12:22:22.151775+00:00] installer.INFO: Matched route "{route}". {"route":"installer_home","route_parameters":{"_controller":"OrangeHRM\\Installer\\Controller\\HomeController::handle","_route":"installer_home"},"request_uri":"http://localhost/orangehrm/installer/index.php/","method":"GET"} []
[2024-01-30T12:22:22.191891+00:00] installer.INFO: Matched route "{route}". {"route":"installer_welcome","route_parameters":{"_controller":"OrangeHRM\\Installer\\Controller\\WelcomeController::handle","_route":"installer_welcome"},"request_uri":"http://localhost/orangehrm/installer/index.php/welcome","method":"GET"} []
[2024-01-30T12:22:26.761753+00:00] installer.INFO: Matched route "{route}". {"route":"installer_licence_acceptance","route_parameters":{"_controller":"OrangeHRM\\Installer\\Controller\\Installer\\LicenceAcceptanceController::handle","_route":"installer_licence_acceptance"},"request_uri":"http://localhost/orangehrm/installer/index.php/installer/licence-acceptance","method":"GET"} []
[2024-01-30T12:22:30.387703+00:00] installer.INFO: Matched route "{route}". {"route":"installer_database_config","route_parameters":{"_controller":"OrangeHRM\\Installer\\Controller\\Installer\\DatabaseConfigController::handle","_route":"installer_database_config"},"request_uri":"http://localhost/orangehrm/installer/index.php/installer/database-config","method":"GET"} []
[2024-01-30T12:22:30.641403+00:00] installer.INFO: Matched route "{route}". {"route":"api_installer_database_config","route_parameters":{"_controller":"OrangeHRM\\Installer\\Controller\\Installer\\Api\\DatabaseConfigAPI::handle","_route":"api_installer_database_config"},"request_uri":"http://localhost/orangehrm/installer/index.php/installer/api/database-config","method":"GET"} []
[2024-01-30T12:23:55.388378+00:00] installer.INFO: Matched route "{route}". {"route":"api_installer_database_config","route_parameters":{"_controller":"OrangeHRM\\Installer\\Controller\\Installer\\Api\\DatabaseConfigAPI::handle","_route":"api_installer_database_config"},"request_uri":"http://localhost/orangehrm/installer/index.php/installer/api/database-config","method":"POST"} []
[2024-01-30T12:23:55.493452+00:00] installer.INFO: Matched route "{route}". {"route":"installer_system_check","route_parameters":{"_controller":"OrangeHRM\\Installer\\Controller\\Installer\\SystemCheckController::handle","_route":"installer_system_check"},"request_uri":"http://localhost/orangehrm/installer/index.php/installer/system-check","method":"GET"} []
[2024-01-30T12:23:55.733819+00:00] installer.INFO: Matched route "{route}". {"route":"api_installer_system_check","route_parameters":{"_controller":"OrangeHRM\\Installer\\Controller\\Installer\\Api\\SystemCheckAPI::handle","_route":"api_installer_system_check"},"request_uri":"http://localhost/orangehrm/installer/index.php/installer/api/system-check","method":"GET"} []
[2024-01-30T12:23:59.024200+00:00] installer.INFO: Matched route "{route}". {"route":"installer_instance_creation","route_parameters":{"_controller":"OrangeHRM\\Installer\\Controller\\Installer\\InstanceCreationController::handle","_route":"installer_instance_creation"},"request_uri":"http://localhost/orangehrm/installer/index.php/installer/instance-creation","method":"GET"} []
[2024-01-30T12:23:59.264193+00:00] installer.INFO: Matched route "{route}". {"route":"api_installer_countries","route_parameters":{"_controller":"OrangeHRM\\Installer\\Controller\\Installer\\Api\\CountryAPI::handle","_route":"api_installer_countries"},"request_uri":"http://localhost/orangehrm/installer/index.php/installer/api/countries","method":"GET"} []
[2024-01-30T12:23:59.337349+00:00] installer.INFO: Matched route "{route}". {"route":"api_installer_languages","route_parameters":{"_controller":"OrangeHRM\\Installer\\Controller\\Installer\\Api\\LanguageAPI::handle","_route":"api_installer_languages"},"request_uri":"http://localhost/orangehrm/installer/index.php/installer/api/languages","method":"GET"} []
[2024-01-30T12:23:59.427530+00:00] installer.INFO: Matched route "{route}". {"route":"api_installer_timezones","route_parameters":{"_controller":"OrangeHRM\\Installer\\Controller\\Installer\\Api\\TimezoneAPI::handle","_route":"api_installer_timezones"},"request_uri":"http://localhost/orangehrm/installer/index.php/installer/api/timezones","method":"GET"} []
[2024-01-30T12:23:59.524783+00:00] installer.INFO: Matched route "{route}". {"route":"api_installer_instance","route_parameters":{"_controller":"OrangeHRM\\Installer\\Controller\\Installer\\Api\\InstanceAPI::handle","_route":"api_installer_instance"},"request_uri":"http://localhost/orangehrm/installer/index.php/installer/api/instance","method":"GET"} []
[2024-01-30T12:24:52.149143+00:00] installer.INFO: Matched route "{route}". {"route":"api_installer_instance","route_parameters":{"_controller":"OrangeHRM\\Installer\\Controller\\Installer\\Api\\InstanceAPI::handle","_route":"api_installer_instance"},"request_uri":"http://localhost/orangehrm/installer/index.php/installer/api/instance","method":"POST"} []
[2024-01-30T12:24:52.205299+00:00] installer.INFO: Matched route "{route}". {"route":"installer_admin_user_creation","route_parameters":{"_controller":"OrangeHRM\\Installer\\Controller\\Installer\\AdminUserCreationController::handle","_route":"installer_admin_user_creation"},"request_uri":"http://localhost/orangehrm/installer/index.php/installer/admin-user-creation","method":"GET"} []
[2024-01-30T12:24:52.532819+00:00] installer.INFO: Matched route "{route}". {"route":"api_installer_admin_user","route_parameters":{"_controller":"OrangeHRM\\Installer\\Controller\\Installer\\Api\\AdminUserAPI::handle","_route":"api_installer_admin_user"},"request_uri":"http://localhost/orangehrm/installer/index.php/installer/api/admin-user","method":"GET"} []
[2024-01-30T12:26:35.832753+00:00] installer.INFO: Matched route "{route}". {"route":"api_installer_admin_user","route_parameters":{"_controller":"OrangeHRM\\Installer\\Controller\\Installer\\Api\\AdminUserAPI::handle","_route":"api_installer_admin_user"},"request_uri":"http://localhost/orangehrm/installer/index.php/installer/api/admin-user","method":"POST"} []
[2024-01-30T12:26:35.897898+00:00] installer.INFO: Matched route "{route}". {"route":"installer_confirmation","route_parameters":{"_controller":"OrangeHRM\\Installer\\Controller\\Installer\\ConfirmationController::handle","_route":"installer_confirmation"},"request_uri":"http://localhost/orangehrm/installer/index.php/installer/confirmation","method":"GET"} []
[2024-01-30T12:26:36.472912+00:00] installer.INFO: Matched route "{route}". {"route":"api_installer_database_config","route_parameters":{"_controller":"OrangeHRM\\Installer\\Controller\\Installer\\Api\\DatabaseConfigAPI::handle","_route":"api_installer_database_config"},"request_uri":"http://localhost/orangehrm/installer/index.php/installer/api/database-config","method":"GET"} []
[2024-01-30T12:26:36.748718+00:00] installer.INFO: Matched route "{route}". {"route":"api_installer_admin_user","route_parameters":{"_controller":"OrangeHRM\\Installer\\Controller\\Installer\\Api\\AdminUserAPI::handle","_route":"api_installer_admin_user"},"request_uri":"http://localhost/orangehrm/installer/index.php/installer/api/admin-user","method":"GET"} []
[2024-01-30T12:26:43.108299+00:00] installer.INFO: Matched route "{route}". {"route":"installer_process","route_parameters":{"_controller":"OrangeHRM\\Installer\\Controller\\Installer\\InstallerController::handle","_route":"installer_process"},"request_uri":"http://localhost/orangehrm/installer/index.php/installer/process","method":"GET"} []
[2024-01-30T12:26:48.515618+00:00] installer.INFO: Matched route "{route}". {"route":"api_installer_start_registration","route_parameters":{"_controller":"OrangeHRM\\Installer\\Controller\\Installer\\Api\\InstallerDataRegistrationAPI::handle","_route":"api_installer_start_registration"},"request_uri":"http://localhost/orangehrm/installer/index.php/installer/api/send-data/installer-start","method":"POST"} []
[2024-01-30T12:26:48.620255+00:00] installer.INFO: Matched route "{route}". {"route":"api_installer_database","route_parameters":{"_controller":"OrangeHRM\\Installer\\Controller\\Installer\\Api\\InstallationDatabaseAPI::handle","_route":"api_installer_database"},"request_uri":"http://localhost/orangehrm/installer/index.php/installer/api/installation/database","method":"POST"} []
[2024-01-30T12:26:49.198940+00:00] installer.INFO: Matched route "{route}". {"route":"api_installer_pre_migration_check","route_parameters":{"_controller":"OrangeHRM\\Installer\\Controller\\Installer\\Api\\PreMigrationCheck::handle","_route":"api_installer_pre_migration_check"},"request_uri":"http://localhost/orangehrm/installer/index.php/installer/api/installation/pre-migration","method":"POST"} []
[2024-01-30T12:26:49.225388+00:00] installer.INFO: Instance details: {"os":{"os":"Windows NT","release_name":"10.0","version_info":"build 19045 (Windows 10)"},"php":{"version":"7.4.33"},"mysql":{"client_version":"mysqlnd 7.4.33","server_version":"5.7.35","conn_type":"localhost via TCP\/IP"},"server":"Apache\/2.4.54 (Win64) PHP\/7.4.33 mod_fcgid\/2.3.10-dev","ohrm":{"version":"5.6"}} [] []
[2024-01-30T12:26:50.539695+00:00] installer.INFO: Matched route "{route}". {"route":"api_installer_versions","route_parameters":{"_controller":"OrangeHRM\\Installer\\Controller\\Installer\\Api\\VersionAPI::handle","_route":"api_installer_versions"},"request_uri":"http://localhost/orangehrm/installer/index.php/installer/api/versions?excludeLatest=false","method":"GET"} []
[2024-01-30T12:26:50.577911+00:00] installer.INFO: Matched route "{route}". {"route":"api_installer_migration","route_parameters":{"_controller":"OrangeHRM\\Installer\\Controller\\Installer\\Api\\MigrationAPI::handle","_route":"api_installer_migration"},"request_uri":"http://localhost/orangehrm/installer/index.php/installer/api/installation/migration","method":"POST"} []
[2024-01-30T12:26:50.581621+00:00] installer.INFO: {"version":"3.3.3"} [] []
[2024-01-30T12:26:50.589384+00:00] installer.INFO: Instance details: {"os":{"os":"Windows NT","release_name":"10.0","version_info":"build 19045 (Windows 10)"},"php":{"version":"7.4.33"},"mysql":{"client_version":"mysqlnd 7.4.33","server_version":"5.7.35","conn_type":"localhost via TCP\/IP"},"server":"Apache\/2.4.54 (Win64) PHP\/7.4.33 mod_fcgid\/2.3.10-dev","ohrm":{"version":"5.6"}} [] []
[2024-01-30T12:27:04.671942+00:00] installer.INFO: Matched route "{route}". {"route":"api_installer_migration","route_parameters":{"_controller":"OrangeHRM\\Installer\\Controller\\Installer\\Api\\MigrationAPI::handle","_route":"api_installer_migration"},"request_uri":"http://localhost/orangehrm/installer/index.php/installer/api/installation/migration","method":"POST"} []
[2024-01-30T12:27:04.673730+00:00] installer.INFO: {"version":"4.0"} [] []
[2024-01-30T12:27:04.680428+00:00] installer.INFO: Instance details: {"os":{"os":"Windows NT","release_name":"10.0","version_info":"build 19045 (Windows 10)"},"php":{"version":"7.4.33"},"mysql":{"client_version":"mysqlnd 7.4.33","server_version":"5.7.35","conn_type":"localhost via TCP\/IP"},"server":"Apache\/2.4.54 (Win64) PHP\/7.4.33 mod_fcgid\/2.3.10-dev","ohrm":{"version":"5.6"}} [] []
[2024-01-30T12:27:05.058935+00:00] installer.INFO: Matched route "{route}". {"route":"api_installer_migration","route_parameters":{"_controller":"OrangeHRM\\Installer\\Controller\\Installer\\Api\\MigrationAPI::handle","_route":"api_installer_migration"},"request_uri":"http://localhost/orangehrm/installer/index.php/installer/api/installation/migration","method":"POST"} []
[2024-01-30T12:27:05.059920+00:00] installer.INFO: {"version":"4.1"} [] []
[2024-01-30T12:27:05.084205+00:00] installer.INFO: Instance details: {"os":{"os":"Windows NT","release_name":"10.0","version_info":"build 19045 (Windows 10)"},"php":{"version":"7.4.33"},"mysql":{"client_version":"mysqlnd 7.4.33","server_version":"5.7.35","conn_type":"localhost via TCP\/IP"},"server":"Apache\/2.4.54 (Win64) PHP\/7.4.33 mod_fcgid\/2.3.10-dev","ohrm":{"version":"5.6"}} [] []
[2024-01-30T12:27:06.341831+00:00] installer.INFO: Matched route "{route}". {"route":"api_installer_migration","route_parameters":{"_controller":"OrangeHRM\\Installer\\Controller\\Installer\\Api\\MigrationAPI::handle","_route":"api_installer_migration"},"request_uri":"http://localhost/orangehrm/installer/index.php/installer/api/installation/migration","method":"POST"} []
[2024-01-30T12:27:06.342891+00:00] installer.INFO: {"version":"4.1.1"} [] []
[2024-01-30T12:27:06.348142+00:00] installer.INFO: Instance details: {"os":{"os":"Windows NT","release_name":"10.0","version_info":"build 19045 (Windows 10)"},"php":{"version":"7.4.33"},"mysql":{"client_version":"mysqlnd 7.4.33","server_version":"5.7.35","conn_type":"localhost via TCP\/IP"},"server":"Apache\/2.4.54 (Win64) PHP\/7.4.33 mod_fcgid\/2.3.10-dev","ohrm":{"version":"5.6"}} [] []
[2024-01-30T12:27:07.226750+00:00] installer.INFO: Matched route "{route}". {"route":"api_installer_migration","route_parameters":{"_controller":"OrangeHRM\\Installer\\Controller\\Installer\\Api\\MigrationAPI::handle","_route":"api_installer_migration"},"request_uri":"http://localhost/orangehrm/installer/index.php/installer/api/installation/migration","method":"POST"} []
[2024-01-30T12:27:07.229662+00:00] installer.INFO: {"version":"4.1.2"} [] []
[2024-01-30T12:27:07.237004+00:00] installer.INFO: Instance details: {"os":{"os":"Windows NT","release_name":"10.0","version_info":"build 19045 (Windows 10)"},"php":{"version":"7.4.33"},"mysql":{"client_version":"mysqlnd 7.4.33","server_version":"5.7.35","conn_type":"localhost via TCP\/IP"},"server":"Apache\/2.4.54 (Win64) PHP\/7.4.33 mod_fcgid\/2.3.10-dev","ohrm":{"version":"5.6"}} [] []
[2024-01-30T12:27:07.582541+00:00] installer.INFO: Matched route "{route}". {"route":"api_installer_migration","route_parameters":{"_controller":"OrangeHRM\\Installer\\Controller\\Installer\\Api\\MigrationAPI::handle","_route":"api_installer_migration"},"request_uri":"http://localhost/orangehrm/installer/index.php/installer/api/installation/migration","method":"POST"} []
[2024-01-30T12:27:07.584851+00:00] installer.INFO: {"version":"4.1.2.1"} [] []
[2024-01-30T12:27:07.588246+00:00] installer.INFO: Instance details: {"os":{"os":"Windows NT","release_name":"10.0","version_info":"build 19045 (Windows 10)"},"php":{"version":"7.4.33"},"mysql":{"client_version":"mysqlnd 7.4.33","server_version":"5.7.35","conn_type":"localhost via TCP\/IP"},"server":"Apache\/2.4.54 (Win64) PHP\/7.4.33 mod_fcgid\/2.3.10-dev","ohrm":{"version":"5.6"}} [] []
[2024-01-30T12:27:07.911683+00:00] installer.INFO: Matched route "{route}". {"route":"api_installer_migration","route_parameters":{"_controller":"OrangeHRM\\Installer\\Controller\\Installer\\Api\\MigrationAPI::handle","_route":"api_installer_migration"},"request_uri":"http://localhost/orangehrm/installer/index.php/installer/api/installation/migration","method":"POST"} []
[2024-01-30T12:27:07.912710+00:00] installer.INFO: {"version":"4.2"} [] []
[2024-01-30T12:27:07.917522+00:00] installer.INFO: Instance details: {"os":{"os":"Windows NT","release_name":"10.0","version_info":"build 19045 (Windows 10)"},"php":{"version":"7.4.33"},"mysql":{"client_version":"mysqlnd 7.4.33","server_version":"5.7.35","conn_type":"localhost via TCP\/IP"},"server":"Apache\/2.4.54 (Win64) PHP\/7.4.33 mod_fcgid\/2.3.10-dev","ohrm":{"version":"5.6"}} [] []
[2024-01-30T12:27:08.388206+00:00] installer.INFO: Matched route "{route}". {"route":"api_installer_migration","route_parameters":{"_controller":"OrangeHRM\\Installer\\Controller\\Installer\\Api\\MigrationAPI::handle","_route":"api_installer_migration"},"request_uri":"http://localhost/orangehrm/installer/index.php/installer/api/installation/migration","method":"POST"} []
[2024-01-30T12:27:08.389661+00:00] installer.INFO: {"version":"4.2.0.1"} [] []
[2024-01-30T12:27:08.392709+00:00] installer.INFO: Instance details: {"os":{"os":"Windows NT","release_name":"10.0","version_info":"build 19045 (Windows 10)"},"php":{"version":"7.4.33"},"mysql":{"client_version":"mysqlnd 7.4.33","server_version":"5.7.35","conn_type":"localhost via TCP\/IP"},"server":"Apache\/2.4.54 (Win64) PHP\/7.4.33 mod_fcgid\/2.3.10-dev","ohrm":{"version":"5.6"}} [] []
[2024-01-30T12:27:08.696338+00:00] installer.INFO: Matched route "{route}". {"route":"api_installer_migration","route_parameters":{"_controller":"OrangeHRM\\Installer\\Controller\\Installer\\Api\\MigrationAPI::handle","_route":"api_installer_migration"},"request_uri":"http://localhost/orangehrm/installer/index.php/installer/api/installation/migration","method":"POST"} []
[2024-01-30T12:27:08.697353+00:00] installer.INFO: {"version":"4.3"} [] []
[2024-01-30T12:27:08.719424+00:00] installer.INFO: Instance details: {"os":{"os":"Windows NT","release_name":"10.0","version_info":"build 19045 (Windows 10)"},"php":{"version":"7.4.33"},"mysql":{"client_version":"mysqlnd 7.4.33","server_version":"5.7.35","conn_type":"localhost via TCP\/IP"},"server":"Apache\/2.4.54 (Win64) PHP\/7.4.33 mod_fcgid\/2.3.10-dev","ohrm":{"version":"5.6"}} [] []
[2024-01-30T12:27:09.077260+00:00] installer.INFO: Matched route "{route}". {"route":"api_installer_migration","route_parameters":{"_controller":"OrangeHRM\\Installer\\Controller\\Installer\\Api\\MigrationAPI::handle","_route":"api_installer_migration"},"request_uri":"http://localhost/orangehrm/installer/index.php/installer/api/installation/migration","method":"POST"} []
[2024-01-30T12:27:09.078937+00:00] installer.INFO: {"version":"4.3.1"} [] []
[2024-01-30T12:27:09.083827+00:00] installer.INFO: Instance details: {"os":{"os":"Windows NT","release_name":"10.0","version_info":"build 19045 (Windows 10)"},"php":{"version":"7.4.33"},"mysql":{"client_version":"mysqlnd 7.4.33","server_version":"5.7.35","conn_type":"localhost via TCP\/IP"},"server":"Apache\/2.4.54 (Win64) PHP\/7.4.33 mod_fcgid\/2.3.10-dev","ohrm":{"version":"5.6"}} [] []
[2024-01-30T12:27:09.376367+00:00] installer.INFO: Matched route "{route}". {"route":"api_installer_migration","route_parameters":{"_controller":"OrangeHRM\\Installer\\Controller\\Installer\\Api\\MigrationAPI::handle","_route":"api_installer_migration"},"request_uri":"http://localhost/orangehrm/installer/index.php/installer/api/installation/migration","method":"POST"} []
[2024-01-30T12:27:09.377757+00:00] installer.INFO: {"version":"4.3.2"} [] []
[2024-01-30T12:27:09.380919+00:00] installer.INFO: Instance details: {"os":{"os":"Windows NT","release_name":"10.0","version_info":"build 19045 (Windows 10)"},"php":{"version":"7.4.33"},"mysql":{"client_version":"mysqlnd 7.4.33","server_version":"5.7.35","conn_type":"localhost via TCP\/IP"},"server":"Apache\/2.4.54 (Win64) PHP\/7.4.33 mod_fcgid\/2.3.10-dev","ohrm":{"version":"5.6"}} [] []
[2024-01-30T12:27:09.730522+00:00] installer.INFO: Matched route "{route}". {"route":"api_installer_migration","route_parameters":{"_controller":"OrangeHRM\\Installer\\Controller\\Installer\\Api\\MigrationAPI::handle","_route":"api_installer_migration"},"request_uri":"http://localhost/orangehrm/installer/index.php/installer/api/installation/migration","method":"POST"} []
[2024-01-30T12:27:09.731504+00:00] installer.INFO: {"version":"4.3.3"} [] []
[2024-01-30T12:27:09.736149+00:00] installer.INFO: Instance details: {"os":{"os":"Windows NT","release_name":"10.0","version_info":"build 19045 (Windows 10)"},"php":{"version":"7.4.33"},"mysql":{"client_version":"mysqlnd 7.4.33","server_version":"5.7.35","conn_type":"localhost via TCP\/IP"},"server":"Apache\/2.4.54 (Win64) PHP\/7.4.33 mod_fcgid\/2.3.10-dev","ohrm":{"version":"5.6"}} [] []
[2024-01-30T12:27:16.772596+00:00] installer.INFO: Matched route "{route}". {"route":"api_installer_migration","route_parameters":{"_controller":"OrangeHRM\\Installer\\Controller\\Installer\\Api\\MigrationAPI::handle","_route":"api_installer_migration"},"request_uri":"http://localhost/orangehrm/installer/index.php/installer/api/installation/migration","method":"POST"} []
[2024-01-30T12:27:16.774502+00:00] installer.INFO: {"version":"4.3.4"} [] []
[2024-01-30T12:27:16.780264+00:00] installer.INFO: Instance details: {"os":{"os":"Windows NT","release_name":"10.0","version_info":"build 19045 (Windows 10)"},"php":{"version":"7.4.33"},"mysql":{"client_version":"mysqlnd 7.4.33","server_version":"5.7.35","conn_type":"localhost via TCP\/IP"},"server":"Apache\/2.4.54 (Win64) PHP\/7.4.33 mod_fcgid\/2.3.10-dev","ohrm":{"version":"5.6"}} [] []
[2024-01-30T12:27:17.041834+00:00] installer.INFO: Matched route "{route}". {"route":"api_installer_migration","route_parameters":{"_controller":"OrangeHRM\\Installer\\Controller\\Installer\\Api\\MigrationAPI::handle","_route":"api_installer_migration"},"request_uri":"http://localhost/orangehrm/installer/index.php/installer/api/installation/migration","method":"POST"} []
[2024-01-30T12:27:17.042972+00:00] installer.INFO: {"version":"4.3.5"} [] []
[2024-01-30T12:27:17.046373+00:00] installer.INFO: Instance details: {"os":{"os":"Windows NT","release_name":"10.0","version_info":"build 19045 (Windows 10)"},"php":{"version":"7.4.33"},"mysql":{"client_version":"mysqlnd 7.4.33","server_version":"5.7.35","conn_type":"localhost via TCP\/IP"},"server":"Apache\/2.4.54 (Win64) PHP\/7.4.33 mod_fcgid\/2.3.10-dev","ohrm":{"version":"5.6"}} [] []
[2024-01-30T12:27:17.255343+00:00] installer.INFO: Matched route "{route}". {"route":"api_installer_migration","route_parameters":{"_controller":"OrangeHRM\\Installer\\Controller\\Installer\\Api\\MigrationAPI::handle","_route":"api_installer_migration"},"request_uri":"http://localhost/orangehrm/installer/index.php/installer/api/installation/migration","method":"POST"} []
[2024-01-30T12:27:17.256339+00:00] installer.INFO: {"version":"4.4"} [] []
[2024-01-30T12:27:17.291952+00:00] installer.INFO: Instance details: {"os":{"os":"Windows NT","release_name":"10.0","version_info":"build 19045 (Windows 10)"},"php":{"version":"7.4.33"},"mysql":{"client_version":"mysqlnd 7.4.33","server_version":"5.7.35","conn_type":"localhost via TCP\/IP"},"server":"Apache\/2.4.54 (Win64) PHP\/7.4.33 mod_fcgid\/2.3.10-dev","ohrm":{"version":"5.6"}} [] []
[2024-01-30T12:27:19.392863+00:00] installer.INFO: Matched route "{route}". {"route":"api_installer_migration","route_parameters":{"_controller":"OrangeHRM\\Installer\\Controller\\Installer\\Api\\MigrationAPI::handle","_route":"api_installer_migration"},"request_uri":"http://localhost/orangehrm/installer/index.php/installer/api/installation/migration","method":"POST"} []
[2024-01-30T12:27:19.394617+00:00] installer.INFO: {"version":"4.5"} [] []
[2024-01-30T12:27:19.412174+00:00] installer.INFO: Instance details: {"os":{"os":"Windows NT","release_name":"10.0","version_info":"build 19045 (Windows 10)"},"php":{"version":"7.4.33"},"mysql":{"client_version":"mysqlnd 7.4.33","server_version":"5.7.35","conn_type":"localhost via TCP\/IP"},"server":"Apache\/2.4.54 (Win64) PHP\/7.4.33 mod_fcgid\/2.3.10-dev","ohrm":{"version":"5.6"}} [] []
[2024-01-30T12:27:19.892197+00:00] installer.INFO: Matched route "{route}". {"route":"api_installer_migration","route_parameters":{"_controller":"OrangeHRM\\Installer\\Controller\\Installer\\Api\\MigrationAPI::handle","_route":"api_installer_migration"},"request_uri":"http://localhost/orangehrm/installer/index.php/installer/api/installation/migration","method":"POST"} []
[2024-01-30T12:27:19.893590+00:00] installer.INFO: {"version":"4.6"} [] []
[2024-01-30T12:27:19.897402+00:00] installer.INFO: Instance details: {"os":{"os":"Windows NT","release_name":"10.0","version_info":"build 19045 (Windows 10)"},"php":{"version":"7.4.33"},"mysql":{"client_version":"mysqlnd 7.4.33","server_version":"5.7.35","conn_type":"localhost via TCP\/IP"},"server":"Apache\/2.4.54 (Win64) PHP\/7.4.33 mod_fcgid\/2.3.10-dev","ohrm":{"version":"5.6"}} [] []
[2024-01-30T12:27:22.143747+00:00] installer.INFO: Matched route "{route}". {"route":"api_installer_migration","route_parameters":{"_controller":"OrangeHRM\\Installer\\Controller\\Installer\\Api\\MigrationAPI::handle","_route":"api_installer_migration"},"request_uri":"http://localhost/orangehrm/installer/index.php/installer/api/installation/migration","method":"POST"} []
[2024-01-30T12:27:22.145556+00:00] installer.INFO: {"version":"4.6.0.1"} [] []
[2024-01-30T12:27:22.151787+00:00] installer.INFO: Instance details: {"os":{"os":"Windows NT","release_name":"10.0","version_info":"build 19045 (Windows 10)"},"php":{"version":"7.4.33"},"mysql":{"client_version":"mysqlnd 7.4.33","server_version":"5.7.35","conn_type":"localhost via TCP\/IP"},"server":"Apache\/2.4.54 (Win64) PHP\/7.4.33 mod_fcgid\/2.3.10-dev","ohrm":{"version":"5.6"}} [] []
[2024-01-30T12:27:22.395166+00:00] installer.INFO: Matched route "{route}". {"route":"api_installer_migration","route_parameters":{"_controller":"OrangeHRM\\Installer\\Controller\\Installer\\Api\\MigrationAPI::handle","_route":"api_installer_migration"},"request_uri":"http://localhost/orangehrm/installer/index.php/installer/api/installation/migration","method":"POST"} []
[2024-01-30T12:27:22.396292+00:00] installer.INFO: {"version":"4.7"} [] []
[2024-01-30T12:27:22.410870+00:00] installer.INFO: Instance details: {"os":{"os":"Windows NT","release_name":"10.0","version_info":"build 19045 (Windows 10)"},"php":{"version":"7.4.33"},"mysql":{"client_version":"mysqlnd 7.4.33","server_version":"5.7.35","conn_type":"localhost via TCP\/IP"},"server":"Apache\/2.4.54 (Win64) PHP\/7.4.33 mod_fcgid\/2.3.10-dev","ohrm":{"version":"5.6"}} [] []
[2024-01-30T12:27:22.656604+00:00] installer.INFO: Matched route "{route}". {"route":"api_installer_migration","route_parameters":{"_controller":"OrangeHRM\\Installer\\Controller\\Installer\\Api\\MigrationAPI::handle","_route":"api_installer_migration"},"request_uri":"http://localhost/orangehrm/installer/index.php/installer/api/installation/migration","method":"POST"} []
[2024-01-30T12:27:22.657585+00:00] installer.INFO: {"version":"4.8"} [] []
[2024-01-30T12:27:22.661088+00:00] installer.INFO: Instance details: {"os":{"os":"Windows NT","release_name":"10.0","version_info":"build 19045 (Windows 10)"},"php":{"version":"7.4.33"},"mysql":{"client_version":"mysqlnd 7.4.33","server_version":"5.7.35","conn_type":"localhost via TCP\/IP"},"server":"Apache\/2.4.54 (Win64) PHP\/7.4.33 mod_fcgid\/2.3.10-dev","ohrm":{"version":"5.6"}} [] []
[2024-01-30T12:27:22.907443+00:00] installer.INFO: Matched route "{route}". {"route":"api_installer_migration","route_parameters":{"_controller":"OrangeHRM\\Installer\\Controller\\Installer\\Api\\MigrationAPI::handle","_route":"api_installer_migration"},"request_uri":"http://localhost/orangehrm/installer/index.php/installer/api/installation/migration","method":"POST"} []
[2024-01-30T12:27:22.908434+00:00] installer.INFO: {"version":"4.9"} [] []
[2024-01-30T12:27:22.945065+00:00] installer.INFO: Instance details: {"os":{"os":"Windows NT","release_name":"10.0","version_info":"build 19045 (Windows 10)"},"php":{"version":"7.4.33"},"mysql":{"client_version":"mysqlnd 7.4.33","server_version":"5.7.35","conn_type":"localhost via TCP\/IP"},"server":"Apache\/2.4.54 (Win64) PHP\/7.4.33 mod_fcgid\/2.3.10-dev","ohrm":{"version":"5.6"}} [] []
[2024-01-30T12:27:23.692223+00:00] installer.INFO: Matched route "{route}". {"route":"api_installer_migration","route_parameters":{"_controller":"OrangeHRM\\Installer\\Controller\\Installer\\Api\\MigrationAPI::handle","_route":"api_installer_migration"},"request_uri":"http://localhost/orangehrm/installer/index.php/installer/api/installation/migration","method":"POST"} []
[2024-01-30T12:27:23.693207+00:00] installer.INFO: {"version":"4.10"} [] []
[2024-01-30T12:27:23.696552+00:00] installer.INFO: Instance details: {"os":{"os":"Windows NT","release_name":"10.0","version_info":"build 19045 (Windows 10)"},"php":{"version":"7.4.33"},"mysql":{"client_version":"mysqlnd 7.4.33","server_version":"5.7.35","conn_type":"localhost via TCP\/IP"},"server":"Apache\/2.4.54 (Win64) PHP\/7.4.33 mod_fcgid\/2.3.10-dev","ohrm":{"version":"5.6"}} [] []
[2024-01-30T12:27:23.944586+00:00] installer.INFO: Matched route "{route}". {"route":"api_installer_migration","route_parameters":{"_controller":"OrangeHRM\\Installer\\Controller\\Installer\\Api\\MigrationAPI::handle","_route":"api_installer_migration"},"request_uri":"http://localhost/orangehrm/installer/index.php/installer/api/installation/migration","method":"POST"} []
[2024-01-30T12:27:23.945572+00:00] installer.INFO: {"version":"4.10.1"} [] []
[2024-01-30T12:27:23.973357+00:00] installer.INFO: Instance details: {"os":{"os":"Windows NT","release_name":"10.0","version_info":"build 19045 (Windows 10)"},"php":{"version":"7.4.33"},"mysql":{"client_version":"mysqlnd 7.4.33","server_version":"5.7.35","conn_type":"localhost via TCP\/IP"},"server":"Apache\/2.4.54 (Win64) PHP\/7.4.33 mod_fcgid\/2.3.10-dev","ohrm":{"version":"5.6"}} [] []
[2024-01-30T12:27:24.220595+00:00] installer.INFO: Matched route "{route}". {"route":"api_installer_migration","route_parameters":{"_controller":"OrangeHRM\\Installer\\Controller\\Installer\\Api\\MigrationAPI::handle","_route":"api_installer_migration"},"request_uri":"http://localhost/orangehrm/installer/index.php/installer/api/installation/migration","method":"POST"} []
[2024-01-30T12:27:24.221590+00:00] installer.INFO: {"version":"5.0"} [] []
[2024-01-30T12:27:24.240905+00:00] installer.INFO: Instance details: {"os":{"os":"Windows NT","release_name":"10.0","version_info":"build 19045 (Windows 10)"},"php":{"version":"7.4.33"},"mysql":{"client_version":"mysqlnd 7.4.33","server_version":"5.7.35","conn_type":"localhost via TCP\/IP"},"server":"Apache\/2.4.54 (Win64) PHP\/7.4.33 mod_fcgid\/2.3.10-dev","ohrm":{"version":"5.6"}} [] []
[2024-01-30T12:28:10.660881+00:00] installer.INFO: Matched route "{route}". {"route":"api_installer_migration","route_parameters":{"_controller":"OrangeHRM\\Installer\\Controller\\Installer\\Api\\MigrationAPI::handle","_route":"api_installer_migration"},"request_uri":"http://localhost/orangehrm/installer/index.php/installer/api/installation/migration","method":"POST"} []
[2024-01-30T12:28:10.663081+00:00] installer.INFO: {"version":"5.1"} [] []
[2024-01-30T12:28:10.670011+00:00] installer.INFO: Instance details: {"os":{"os":"Windows NT","release_name":"10.0","version_info":"build 19045 (Windows 10)"},"php":{"version":"7.4.33"},"mysql":{"client_version":"mysqlnd 7.4.33","server_version":"5.7.35","conn_type":"localhost via TCP\/IP"},"server":"Apache\/2.4.54 (Win64) PHP\/7.4.33 mod_fcgid\/2.3.10-dev","ohrm":{"version":"5.6"}} [] []
[2024-01-30T12:28:20.529859+00:00] installer.INFO: Matched route "{route}". {"route":"api_installer_migration","route_parameters":{"_controller":"OrangeHRM\\Installer\\Controller\\Installer\\Api\\MigrationAPI::handle","_route":"api_installer_migration"},"request_uri":"http://localhost/orangehrm/installer/index.php/installer/api/installation/migration","method":"POST"} []
[2024-01-30T12:28:20.531683+00:00] installer.INFO: {"version":"5.2"} [] []
[2024-01-30T12:28:20.558179+00:00] installer.INFO: Instance details: {"os":{"os":"Windows NT","release_name":"10.0","version_info":"build 19045 (Windows 10)"},"php":{"version":"7.4.33"},"mysql":{"client_version":"mysqlnd 7.4.33","server_version":"5.7.35","conn_type":"localhost via TCP\/IP"},"server":"Apache\/2.4.54 (Win64) PHP\/7.4.33 mod_fcgid\/2.3.10-dev","ohrm":{"version":"5.6"}} [] []
[2024-01-30T12:28:25.560840+00:00] installer.INFO: Deleting invalid config values [] []
[2024-01-30T12:28:25.758248+00:00] installer.INFO: Deleting: `https://opensourcehelp.orangehrm.com` => `` from `hs_hr_config` [] []
[2024-01-30T12:28:25.952221+00:00] installer.INFO: Deleting: `ZendeskHelpProcessor` => `` from `hs_hr_config` [] []
[2024-01-30T12:28:25.952649+00:00] installer.INFO: Deleting legacy config values [] []
[2024-01-30T12:28:26.149702+00:00] installer.INFO: Deleting: `ldap_domain_name` => `` from `hs_hr_config` [] []
[2024-01-30T12:28:26.350098+00:00] installer.INFO: Deleting: `ldap_port` => `` from `hs_hr_config` [] []
[2024-01-30T12:28:26.549820+00:00] installer.INFO: Deleting: `ldap_server` => `` from `hs_hr_config` [] []
[2024-01-30T12:28:26.747652+00:00] installer.INFO: Deleting: `ldap_status` => `` from `hs_hr_config` [] []
[2024-01-30T12:28:26.947680+00:00] installer.INFO: Deleting: `beacon.activation_acceptance_status` => `off` from `hs_hr_config` [] []
[2024-01-30T12:28:27.149571+00:00] installer.INFO: Deleting: `beacon.activiation_status` => `off` from `hs_hr_config` [] []
[2024-01-30T12:28:27.358938+00:00] installer.INFO: Deleting: `beacon.company_name` => `` from `hs_hr_config` [] []
[2024-01-30T12:28:27.583274+00:00] installer.INFO: Deleting: `beacon.flash_period` => `120` from `hs_hr_config` [] []
[2024-01-30T12:28:27.797217+00:00] installer.INFO: Deleting: `beacon.lock` => `unlocked` from `hs_hr_config` [] []
[2024-01-30T12:28:27.999524+00:00] installer.INFO: Deleting: `beacon.next_flash_time` => `0000-00-00` from `hs_hr_config` [] []
[2024-01-30T12:28:28.207151+00:00] installer.INFO: Deleting: `beacon.uuid` => `0` from `hs_hr_config` [] []
[2024-01-30T12:28:28.414753+00:00] installer.INFO: Deleting: `showSIN` => `0` from `hs_hr_config` [] []
[2024-01-30T12:28:28.613405+00:00] installer.INFO: Deleting: `showSSN` => `0` from `hs_hr_config` [] []
[2024-01-30T12:28:28.825251+00:00] installer.INFO: Deleting: `showTaxExemptions` => `0` from `hs_hr_config` [] []
[2024-01-30T12:28:29.143616+00:00] installer.INFO: Deleting: `report.mysql_group_concat_max_len` => `2048` from `hs_hr_config` [] []
[2024-01-30T12:28:29.347957+00:00] installer.INFO: Deleting: `attendanceEmpEditSubmitted` => `No` from `hs_hr_config` [] []
[2024-01-30T12:28:29.579010+00:00] installer.INFO: Deleting: `attendanceSupEditSubmitted` => `No` from `hs_hr_config` [] []
[2024-01-30T12:28:29.784029+00:00] installer.INFO: Deleting: `hsp_accrued_last_updated` => `0000-00-00` from `hs_hr_config` [] []
[2024-01-30T12:28:29.990332+00:00] installer.INFO: Deleting: `hsp_current_plan` => `0` from `hs_hr_config` [] []
[2024-01-30T12:28:30.213457+00:00] installer.INFO: Deleting: `hsp_used_last_updated` => `0000-00-00` from `hs_hr_config` [] []
[2024-01-30T12:28:30.458649+00:00] installer.INFO: Matched route "{route}". {"route":"api_installer_migration","route_parameters":{"_controller":"OrangeHRM\\Installer\\Controller\\Installer\\Api\\MigrationAPI::handle","_route":"api_installer_migration"},"request_uri":"http://localhost/orangehrm/installer/index.php/installer/api/installation/migration","method":"POST"} []
[2024-01-30T12:28:30.461186+00:00] installer.INFO: {"version":"5.3"} [] []
[2024-01-30T12:28:30.468266+00:00] installer.INFO: Instance details: {"os":{"os":"Windows NT","release_name":"10.0","version_info":"build 19045 (Windows 10)"},"php":{"version":"7.4.33"},"mysql":{"client_version":"mysqlnd 7.4.33","server_version":"5.7.35","conn_type":"localhost via TCP\/IP"},"server":"Apache\/2.4.54 (Win64) PHP\/7.4.33 mod_fcgid\/2.3.10-dev","ohrm":{"version":"5.6"}} [] []
[2024-01-30T12:28:32.287112+00:00] installer.INFO: Server timezone: UTC [] []
[2024-01-30T12:28:32.288620+00:00] installer.INFO: `ohrm_buzz_comment` record count: 0 [] []
[2024-01-30T12:28:32.290604+00:00] installer.INFO: `ohrm_buzz_like_on_comment` record count: 0 [] []
[2024-01-30T12:28:32.293039+00:00] installer.INFO: `ohrm_buzz_like_on_share` record count: 0 [] []
[2024-01-30T12:28:32.294904+00:00] installer.INFO: `ohrm_buzz_post` record count: 0 [] []
[2024-01-30T12:28:32.296783+00:00] installer.INFO: `ohrm_buzz_share` record count: 0 [] []
[2024-01-30T12:28:32.586844+00:00] installer.INFO: `ohrm_buzz_link` record count: 0 [] []
[2024-01-30T12:28:32.587617+00:00] installer.INFO: Deleting legacy Buzz config values [] []
[2024-01-30T12:28:32.780902+00:00] installer.INFO: Deleting: `buzz_comment_text_lenth` => `250` from `hs_hr_config` [] []
[2024-01-30T12:28:32.976788+00:00] installer.INFO: Deleting: `buzz_cookie_valid_time` => `5000` from `hs_hr_config` [] []
[2024-01-30T12:28:33.170686+00:00] installer.INFO: Deleting: `buzz_image_max_dimension` => `1024` from `hs_hr_config` [] []
[2024-01-30T12:28:33.374781+00:00] installer.INFO: Deleting: `buzz_initial_comments` => `2` from `hs_hr_config` [] []
[2024-01-30T12:28:33.593785+00:00] installer.INFO: Deleting: `buzz_like_count` => `5` from `hs_hr_config` [] []
[2024-01-30T12:28:33.788049+00:00] installer.INFO: Deleting: `buzz_max_notification_period` => `-1 week` from `hs_hr_config` [] []
[2024-01-30T12:28:33.989089+00:00] installer.INFO: Deleting: `buzz_most_like_posts` => `5` from `hs_hr_config` [] []
[2024-01-30T12:28:34.184107+00:00] installer.INFO: Deleting: `buzz_most_like_shares` => `5` from `hs_hr_config` [] []
[2024-01-30T12:28:34.384698+00:00] installer.INFO: Deleting: `buzz_post_text_lenth` => `500` from `hs_hr_config` [] []
[2024-01-30T12:28:34.586555+00:00] installer.INFO: Deleting: `buzz_post_text_lines` => `5` from `hs_hr_config` [] []
[2024-01-30T12:28:34.795702+00:00] installer.INFO: Deleting: `buzz_refresh_time` => `60000` from `hs_hr_config` [] []
[2024-01-30T12:28:34.989593+00:00] installer.INFO: Deleting: `buzz_share_count` => `10` from `hs_hr_config` [] []
[2024-01-30T12:28:35.187286+00:00] installer.INFO: Deleting: `buzz_time_format` => `h:i a` from `hs_hr_config` [] []
[2024-01-30T12:28:35.392893+00:00] installer.INFO: Deleting: `buzz_viewmore_comment` => `5` from `hs_hr_config` [] []
[2024-01-30T12:28:35.632160+00:00] installer.INFO: Matched route "{route}". {"route":"api_installer_migration","route_parameters":{"_controller":"OrangeHRM\\Installer\\Controller\\Installer\\Api\\MigrationAPI::handle","_route":"api_installer_migration"},"request_uri":"http://localhost/orangehrm/installer/index.php/installer/api/installation/migration","method":"POST"} []
[2024-01-30T12:28:35.633918+00:00] installer.INFO: {"version":"5.4"} [] []
[2024-01-30T12:28:35.640289+00:00] installer.INFO: Instance details: {"os":{"os":"Windows NT","release_name":"10.0","version_info":"build 19045 (Windows 10)"},"php":{"version":"7.4.33"},"mysql":{"client_version":"mysqlnd 7.4.33","server_version":"5.7.35","conn_type":"localhost via TCP\/IP"},"server":"Apache\/2.4.54 (Win64) PHP\/7.4.33 mod_fcgid\/2.3.10-dev","ohrm":{"version":"5.6"}} [] []
[2024-01-30T12:28:37.822483+00:00] installer.INFO: Deleting: `authentication.default_required_password_strength` => `strong` from `hs_hr_config` [] []
[2024-01-30T12:28:38.311361+00:00] installer.INFO: Deleting: `authentication.enforce_password_strength` => `on` from `hs_hr_config` [] []
[2024-01-30T12:28:39.912083+00:00] installer.INFO: Matched route "{route}". {"route":"api_installer_migration","route_parameters":{"_controller":"OrangeHRM\\Installer\\Controller\\Installer\\Api\\MigrationAPI::handle","_route":"api_installer_migration"},"request_uri":"http://localhost/orangehrm/installer/index.php/installer/api/installation/migration","method":"POST"} []
[2024-01-30T12:28:39.913850+00:00] installer.INFO: {"version":"5.5"} [] []
[2024-01-30T12:28:39.920830+00:00] installer.INFO: Instance details: {"os":{"os":"Windows NT","release_name":"10.0","version_info":"build 19045 (Windows 10)"},"php":{"version":"7.4.33"},"mysql":{"client_version":"mysqlnd 7.4.33","server_version":"5.7.35","conn_type":"localhost via TCP\/IP"},"server":"Apache\/2.4.54 (Win64) PHP\/7.4.33 mod_fcgid\/2.3.10-dev","ohrm":{"version":"5.6"}} [] []
[2024-01-30T12:28:42.060081+00:00] installer.INFO: Matched route "{route}". {"route":"api_installer_migration","route_parameters":{"_controller":"OrangeHRM\\Installer\\Controller\\Installer\\Api\\MigrationAPI::handle","_route":"api_installer_migration"},"request_uri":"http://localhost/orangehrm/installer/index.php/installer/api/installation/migration","method":"POST"} []
[2024-01-30T12:28:42.061910+00:00] installer.INFO: {"version":"5.6"} [] []
[2024-01-30T12:28:42.067570+00:00] installer.INFO: Instance details: {"os":{"os":"Windows NT","release_name":"10.0","version_info":"build 19045 (Windows 10)"},"php":{"version":"7.4.33"},"mysql":{"client_version":"mysqlnd 7.4.33","server_version":"5.7.35","conn_type":"localhost via TCP\/IP"},"server":"Apache\/2.4.54 (Win64) PHP\/7.4.33 mod_fcgid\/2.3.10-dev","ohrm":{"version":"5.6"}} [] []
[2024-01-30T12:28:42.832248+00:00] installer.INFO: Matched route "{route}". {"route":"api_installer_instance_creation","route_parameters":{"_controller":"OrangeHRM\\Installer\\Controller\\Installer\\Api\\InstallationInstanceAPI::handle","_route":"api_installer_instance_creation"},"request_uri":"http://localhost/orangehrm/installer/index.php/installer/api/installation/instance","method":"POST"} []
[2024-01-30T12:28:42.854319+00:00] installer.INFO: Instance details: {"os":{"os":"Windows NT","release_name":"10.0","version_info":"build 19045 (Windows 10)"},"php":{"version":"7.4.33"},"mysql":{"client_version":"mysqlnd 7.4.33","server_version":"5.7.35","conn_type":"localhost via TCP\/IP"},"server":"Apache\/2.4.54 (Win64) PHP\/7.4.33 mod_fcgid\/2.3.10-dev","ohrm":{"version":"5.6"}} [] []
[2024-01-30T12:28:43.760405+00:00] installer.INFO: Matched route "{route}". {"route":"api_installer_database_user","route_parameters":{"_controller":"OrangeHRM\\Installer\\Controller\\Installer\\Api\\InstallationDatabaseUserAPI::handle","_route":"api_installer_database_user"},"request_uri":"http://localhost/orangehrm/installer/index.php/installer/api/installation/database-user","method":"POST"} []
[2024-01-30T12:28:43.789702+00:00] installer.INFO: Matched route "{route}". {"route":"api_installer_write_config","route_parameters":{"_controller":"OrangeHRM\\Installer\\Controller\\Installer\\Api\\ConfigFileAPI::handle","_route":"api_installer_write_config"},"request_uri":"http://localhost/orangehrm/installer/index.php/installer/api/installation/config-file","method":"POST"} []
[2024-01-30T12:28:48.316055+00:00] installer.INFO: Matched route "{route}". {"route":"installer_complete","route_parameters":{"_controller":"OrangeHRM\\Installer\\Controller\\Installer\\InstallerCompleteController::handle","_route":"installer_complete"},"request_uri":"http://localhost/orangehrm/installer/index.php/installer/complete","method":"GET"} []
[2024-01-30T12:28:48.335401+00:00] installer.INFO: OrangeHRM 5.6 status: true [] []
[2024-01-30T12:28:50.849453+00:00] installer.INFO: Matched route "{route}". {"route":"installer_home","route_parameters":{"_controller":"OrangeHRM\\Installer\\Controller\\HomeController::handle","_route":"installer_home"},"request_uri":"http://localhost/orangehrm/installer/index.php/","method":"GET"} []
